<?xml version='1.0' encoding='UTF-8'?>
<testsuite hostname="Tris-Air" name="AstSuite" tests="100" errors="0" failures="0" skipped="0" time="1.961">
                     <properties>
[...]
</properties>
                     <testcase classname="AstSuite" name="a simple program 1" time="0.475">
                                                 
                                               </testcase><testcase classname="AstSuite" name="another simple program 2" time="0.007">
                                                 
                                               </testcase><testcase classname="AstSuite" name="a simple program 3" time="0.009">
                                                 
                                               </testcase><testcase classname="AstSuite" name="test dangling if 4" time="0.052">
                                                 
                                               </testcase><testcase classname="AstSuite" name="test funcdecl 5" time="0.007">
                                                 
                                               </testcase><testcase classname="AstSuite" name="test funcdecl 6" time="0.008">
                                                 
                                               </testcase><testcase classname="AstSuite" name="test funcdecl 7" time="0.042">
                                                 
                                               </testcase><testcase classname="AstSuite" name="test funcdecl 8" time="0.019">
                                                 
                                               </testcase><testcase classname="AstSuite" name="test funcdecl 9" time="0.015">
                                                 
                                               </testcase><testcase classname="AstSuite" name="test funcdecl 10" time="0.017">
                                                 
                                               </testcase><testcase classname="AstSuite" name="test funcdecl 11" time="0.152">
                                                 
                                               </testcase><testcase classname="AstSuite" name="test funcdecl 12" time="0.019">
                                                 
                                               </testcase><testcase classname="AstSuite" name="test funcdecl 13" time="0.031">
                                                 
                                               </testcase><testcase classname="AstSuite" name="test funcdecl 14" time="0.051">
                                                 
                                               </testcase><testcase classname="AstSuite" name="test Array element 15" time="0.023">
                                                 
                                               </testcase><testcase classname="AstSuite" name="test Array element 16" time="0.022">
                                                 
                                               </testcase><testcase classname="AstSuite" name="test if statement 17" time="0.02">
                                                 
                                               </testcase><testcase classname="AstSuite" name="test priority 18" time="0.017">
                                                 
                                               </testcase><testcase classname="AstSuite" name="test funcall 19" time="0.025">
                                                 
                                               </testcase><testcase classname="AstSuite" name="test complex program 20" time="0.066">
                                                 
                                               </testcase><testcase classname="AstSuite" name="test funcdeclare 21" time="0.006">
                                                 
                                               </testcase><testcase classname="AstSuite" name="test var declare 22" time="0.008">
                                                 
                                               </testcase><testcase classname="AstSuite" name="test funcdeclare 23" time="0.034">
                                                 
                                               </testcase><testcase classname="AstSuite" name="test for statement 24" time="0.007">
                                                 
                                               </testcase><testcase classname="AstSuite" name="test for statement 25" time="0.034">
                                                 
                                               </testcase><testcase classname="AstSuite" name="test for statement 26" time="0.015">
                                                 
                                               </testcase><testcase classname="AstSuite" name="test for statement 27" time="0.027">
                                                 
                                               </testcase><testcase classname="AstSuite" name="test func + var declare 28" time="0.01">
                                                 
                                               </testcase><testcase classname="AstSuite" name="test func + var decalare 29" time="0.007">
                                                 
                                               </testcase><testcase classname="AstSuite" name="test for 30" time="0.007">
                                                 
                                               </testcase><testcase classname="AstSuite" name="test boolean function 31" time="0.014">
                                                 
                                               </testcase><testcase classname="AstSuite" name="test void function 32" time="0.007">
                                                 
                                               </testcase><testcase classname="AstSuite" name="test void function 33" time="0.007">
                                                 
                                               </testcase><testcase classname="AstSuite" name="test void function 34" time="0.018">
                                                 
                                               </testcase><testcase classname="AstSuite" name="test do while 35" time="0.021">
                                                 
                                               </testcase><testcase classname="AstSuite" name="test boolean function 36" time="0.021">
                                                 
                                               </testcase><testcase classname="AstSuite" name="test literal 37" time="0.019">
                                                 
                                               </testcase><testcase classname="AstSuite" name="test do while 38" time="0.012">
                                                 
                                               </testcase><testcase classname="AstSuite" name="test multi decalare 39" time="0.007">
                                                 
                                               </testcase><testcase classname="AstSuite" name="test multi decalre 40" time="0.009">
                                                 
                                               </testcase><testcase classname="AstSuite" name="test multi decalare 41" time="0.01">
                                                 
                                               </testcase><testcase classname="AstSuite" name="test var decalre 42" time="0.007">
                                                 
                                               </testcase><testcase classname="AstSuite" name="test var declare 43" time="0.007">
                                                 
                                               </testcase><testcase classname="AstSuite" name="test var declare 44" time="0.007">
                                                 
                                               </testcase><testcase classname="AstSuite" name="test var decalare 45" time="0.006">
                                                 
                                               </testcase><testcase classname="AstSuite" name="test if statement 46" time="0.006">
                                                 
                                               </testcase><testcase classname="AstSuite" name="test do while 47" time="0.004">
                                                 
                                               </testcase><testcase classname="AstSuite" name="test for statement 48" time="0.006">
                                                 
                                               </testcase><testcase classname="AstSuite" name="test break statemnet 49" time="0.005">
                                                 
                                               </testcase><testcase classname="AstSuite" name="test continue statement 50" time="0.005">
                                                 
                                               </testcase><testcase classname="AstSuite" name="test return 51" time="0.007">
                                                 
                                               </testcase><testcase classname="AstSuite" name="test return statement 52" time="0.003">
                                                 
                                               </testcase><testcase classname="AstSuite" name="test return statement 53" time="0.008">
                                                 
                                               </testcase><testcase classname="AstSuite" name="test funcall 54" time="0.005">
                                                 
                                               </testcase><testcase classname="AstSuite" name="test funcall 55" time="0.008">
                                                 
                                               </testcase><testcase classname="AstSuite" name="test block statement 56" time="0.007">
                                                 
                                               </testcase><testcase classname="AstSuite" name="test block statement 57" time="0.006">
                                                 
                                               </testcase><testcase classname="AstSuite" name="test block statement 58" time="0.008">
                                                 
                                               </testcase><testcase classname="AstSuite" name="test block statement 59" time="0.007">
                                                 
                                               </testcase><testcase classname="AstSuite" name="test block statement 60" time="0.014">
                                                 
                                               </testcase><testcase classname="AstSuite" name="test complex program 61" time="0.012">
                                                 
                                               </testcase><testcase classname="AstSuite" name="test complex program 62" time="0.01">
                                                 
                                               </testcase><testcase classname="AstSuite" name="test Stringlit 63" time="0.01">
                                                 
                                               </testcase><testcase classname="AstSuite" name="test Stringlit 64" time="0.007">
                                                 
                                               </testcase><testcase classname="AstSuite" name="test Stringlit 65" time="0.007">
                                                 
                                               </testcase><testcase classname="AstSuite" name="test Stringlit 66" time="0.011">
                                                 
                                               </testcase><testcase classname="AstSuite" name="test complex program 67" time="0.01">
                                                 
                                               </testcase><testcase classname="AstSuite" name="test priority 68" time="0.011">
                                                 
                                               </testcase><testcase classname="AstSuite" name="test associate 69" time="0.009">
                                                 
                                               </testcase><testcase classname="AstSuite" name="test complex statement 70" time="0.032">
                                                 
                                               </testcase><testcase classname="AstSuite" name="test complex statement 71" time="0.023">
                                                 
                                               </testcase><testcase classname="AstSuite" name="test complex program 72" time="0.01">
                                                 
                                               </testcase><testcase classname="AstSuite" name="test complex program 73" time="0.011">
                                                 
                                               </testcase><testcase classname="AstSuite" name="test complex program 74" time="0.009">
                                                 
                                               </testcase><testcase classname="AstSuite" name="test complex program 75" time="0.008">
                                                 
                                               </testcase><testcase classname="AstSuite" name="test complex program 76" time="0.009">
                                                 
                                               </testcase><testcase classname="AstSuite" name="test complex program 77" time="0.012">
                                                 
                                               </testcase><testcase classname="AstSuite" name="test complex program 78" time="0.007">
                                                 
                                               </testcase><testcase classname="AstSuite" name="test complex program 79" time="0.011">
                                                 
                                               </testcase><testcase classname="AstSuite" name="test complex program 80" time="0.006">
                                                 
                                               </testcase><testcase classname="AstSuite" name="test for statement 81" time="0.007">
                                                 
                                               </testcase><testcase classname="AstSuite" name="test for statement 82" time="0.015">
                                                 
                                               </testcase><testcase classname="AstSuite" name="test for statement 83" time="0.012">
                                                 
                                               </testcase><testcase classname="AstSuite" name="test for statement 84" time="0.01">
                                                 
                                               </testcase><testcase classname="AstSuite" name="test for statement 85" time="0.013">
                                                 
                                               </testcase><testcase classname="AstSuite" name="test complex program 86" time="0.01">
                                                 
                                               </testcase><testcase classname="AstSuite" name="test complex program 87" time="0.008">
                                                 
                                               </testcase><testcase classname="AstSuite" name="test complex program 88" time="0.022">
                                                 
                                               </testcase><testcase classname="AstSuite" name="test if statement 89" time="0.015">
                                                 
                                               </testcase><testcase classname="AstSuite" name="test complex program 90" time="0.008">
                                                 
                                               </testcase><testcase classname="AstSuite" name="test Stringlit 91" time="0.007">
                                                 
                                               </testcase><testcase classname="AstSuite" name="test complex program 92" time="0.012">
                                                 
                                               </testcase><testcase classname="AstSuite" name="test for statement 93" time="0.006">
                                                 
                                               </testcase><testcase classname="AstSuite" name="test Stringlit 94" time="0.01">
                                                 
                                               </testcase><testcase classname="AstSuite" name="test complex program 95" time="0.009">
                                                 
                                               </testcase><testcase classname="AstSuite" name="test complex program 96" time="0.012">
                                                 
                                               </testcase><testcase classname="AstSuite" name="test complex program 97" time="0.01">
                                                 
                                               </testcase><testcase classname="AstSuite" name="test complex program 98" time="0.009">
                                                 
                                               </testcase><testcase classname="AstSuite" name="test complex program 99" time="0.017">
                                                 
                                               </testcase><testcase classname="AstSuite" name="test complex program 100" time="0.021">
                                                 
                                               </testcase>
                     <system-out><![CDATA[]]></system-out>
                     <system-err><![CDATA[]]></system-err>
                   </testsuite>