<?xml version='1.0' encoding='UTF-8'?>
<testsuite hostname="Tris-Air" name="LexerSuite" tests="100" errors="0" failures="0" skipped="0" time="1.169">
                     <properties>
[...]
</properties>
                     <testcase classname="LexerSuite" name="Blank characters 1" time="0.276">
                                                 
                                               </testcase><testcase classname="LexerSuite" name="Block comment" time="0.006">
                                                 
                                               </testcase><testcase classname="LexerSuite" name="Block comment 2" time="0.01">
                                                 
                                               </testcase><testcase classname="LexerSuite" name="Block comment 3" time="0.02">
                                                 
                                               </testcase><testcase classname="LexerSuite" name="Line comment" time="0.009">
                                                 
                                               </testcase><testcase classname="LexerSuite" name="Line comment 2" time="0.01">
                                                 
                                               </testcase><testcase classname="LexerSuite" name="Block comment4" time="0.016">
                                                 
                                               </testcase><testcase classname="LexerSuite" name="Block comment5" time="0.007">
                                                 
                                               </testcase><testcase classname="LexerSuite" name="Identifiers 1" time="0.006">
                                                 
                                               </testcase><testcase classname="LexerSuite" name="Identifiers 2" time="0.006">
                                                 
                                               </testcase><testcase classname="LexerSuite" name="Identifiers 3" time="0.011">
                                                 
                                               </testcase><testcase classname="LexerSuite" name="Identifiers 4" time="0.006">
                                                 
                                               </testcase><testcase classname="LexerSuite" name="Identifiers 5" time="0.006">
                                                 
                                               </testcase><testcase classname="LexerSuite" name="Keywords 1" time="0.01">
                                                 
                                               </testcase><testcase classname="LexerSuite" name="Keywords 2" time="0.008">
                                                 
                                               </testcase><testcase classname="LexerSuite" name="Keywords 3" time="0.007">
                                                 
                                               </testcase><testcase classname="LexerSuite" name="Keywords 4" time="0.007">
                                                 
                                               </testcase><testcase classname="LexerSuite" name="Keywords 5" time="0.019">
                                                 
                                               </testcase><testcase classname="LexerSuite" name="Keywords 6" time="0.006">
                                                 
                                               </testcase><testcase classname="LexerSuite" name="Operators 1" time="0.009">
                                                 
                                               </testcase><testcase classname="LexerSuite" name="Separators 1" time="0.011">
                                                 
                                               </testcase><testcase classname="LexerSuite" name="Int literals 1" time="0.015">
                                                 
                                               </testcase><testcase classname="LexerSuite" name="Int literals 2" time="0.006">
                                                 
                                               </testcase><testcase classname="LexerSuite" name="Float literals 1" time="0.01">
                                                 
                                               </testcase><testcase classname="LexerSuite" name="Float literals 2" time="0.01">
                                                 
                                               </testcase><testcase classname="LexerSuite" name="Float literals 3" time="0.007">
                                                 
                                               </testcase><testcase classname="LexerSuite" name="Float literals 4" time="0.003">
                                                 
                                               </testcase><testcase classname="LexerSuite" name="Float literals 5" time="0.007">
                                                 
                                               </testcase><testcase classname="LexerSuite" name="Float literals 6" time="0.007">
                                                 
                                               </testcase><testcase classname="LexerSuite" name="Float literals 7" time="0.008">
                                                 
                                               </testcase><testcase classname="LexerSuite" name="Float literals 8" time="0.006">
                                                 
                                               </testcase><testcase classname="LexerSuite" name="Float literals 9" time="0.014">
                                                 
                                               </testcase><testcase classname="LexerSuite" name="Float literals 10" time="0.006">
                                                 
                                               </testcase><testcase classname="LexerSuite" name="Float literals 11" time="0.006">
                                                 
                                               </testcase><testcase classname="LexerSuite" name="Float literals 12" time="0.007">
                                                 
                                               </testcase><testcase classname="LexerSuite" name="String literals 1" time="0.007">
                                                 
                                               </testcase><testcase classname="LexerSuite" name="String literals 2" time="0.01">
                                                 
                                               </testcase><testcase classname="LexerSuite" name="String literals 3" time="0.006">
                                                 
                                               </testcase><testcase classname="LexerSuite" name="String literals 4" time="0.007">
                                                 
                                               </testcase><testcase classname="LexerSuite" name="Error tokens 1" time="0.005">
                                                 
                                               </testcase><testcase classname="LexerSuite" name="Error tokens 2" time="0.006">
                                                 
                                               </testcase><testcase classname="LexerSuite" name="Error tokens 3" time="0.02">
                                                 
                                               </testcase><testcase classname="LexerSuite" name="Error tokens 4" time="0.009">
                                                 
                                               </testcase><testcase classname="LexerSuite" name="Error tokens 5" time="0.006">
                                                 
                                               </testcase><testcase classname="LexerSuite" name="Error tokens 6" time="0.021">
                                                 
                                               </testcase><testcase classname="LexerSuite" name="Error tokens 7" time="0.006">
                                                 
                                               </testcase><testcase classname="LexerSuite" name="Error tokens 8" time="0.01">
                                                 
                                               </testcase><testcase classname="LexerSuite" name="Unclosed String 1" time="0.009">
                                                 
                                               </testcase><testcase classname="LexerSuite" name="Unclosed String 2" time="0.017">
                                                 
                                               </testcase><testcase classname="LexerSuite" name="Unclosed String 3" time="0.012">
                                                 
                                               </testcase><testcase classname="LexerSuite" name="Unclosed String 4" time="0.018">
                                                 
                                               </testcase><testcase classname="LexerSuite" name="Unclosed String 5" time="0.015">
                                                 
                                               </testcase><testcase classname="LexerSuite" name="Unclosed String 6" time="0.011">
                                                 
                                               </testcase><testcase classname="LexerSuite" name="Illegal escape in string1" time="0.007">
                                                 
                                               </testcase><testcase classname="LexerSuite" name="Illegal escape in string 2" time="0.02">
                                                 
                                               </testcase><testcase classname="LexerSuite" name="Illegal escape in string 3" time="0.007">
                                                 
                                               </testcase><testcase classname="LexerSuite" name="Illegal escape in string 4" time="0.116">
                                                 
                                               </testcase><testcase classname="LexerSuite" name="combine 1" time="0.023">
                                                 
                                               </testcase><testcase classname="LexerSuite" name="combine 2" time="0.007">
                                                 
                                               </testcase><testcase classname="LexerSuite" name="combine 3" time="0.008">
                                                 
                                               </testcase><testcase classname="LexerSuite" name="combine 4" time="0.007">
                                                 
                                               </testcase><testcase classname="LexerSuite" name="combine 5" time="0.007">
                                                 
                                               </testcase><testcase classname="LexerSuite" name="combine 6" time="0.006">
                                                 
                                               </testcase><testcase classname="LexerSuite" name="combine 7" time="0.007">
                                                 
                                               </testcase><testcase classname="LexerSuite" name="combine 8" time="0.005">
                                                 
                                               </testcase><testcase classname="LexerSuite" name="combine 9" time="0.007">
                                                 
                                               </testcase><testcase classname="LexerSuite" name="combine 10" time="0.007">
                                                 
                                               </testcase><testcase classname="LexerSuite" name="combine 11" time="0.004">
                                                 
                                               </testcase><testcase classname="LexerSuite" name="combine 12" time="0.003">
                                                 
                                               </testcase><testcase classname="LexerSuite" name="combine 13" time="0.005">
                                                 
                                               </testcase><testcase classname="LexerSuite" name="combine 14" time="0.004">
                                                 
                                               </testcase><testcase classname="LexerSuite" name="combine 15" time="0.002">
                                                 
                                               </testcase><testcase classname="LexerSuite" name="combine 16" time="0.007">
                                                 
                                               </testcase><testcase classname="LexerSuite" name="combine 17" time="0.007">
                                                 
                                               </testcase><testcase classname="LexerSuite" name="combine 18" time="0.013">
                                                 
                                               </testcase><testcase classname="LexerSuite" name="combine 19" time="0.005">
                                                 
                                               </testcase><testcase classname="LexerSuite" name="combine 20" time="0.004">
                                                 
                                               </testcase><testcase classname="LexerSuite" name="combine 21" time="0.002">
                                                 
                                               </testcase><testcase classname="LexerSuite" name="combine 22" time="0.007">
                                                 
                                               </testcase><testcase classname="LexerSuite" name="combine 23" time="0.003">
                                                 
                                               </testcase><testcase classname="LexerSuite" name="combine 24" time="0.002">
                                                 
                                               </testcase><testcase classname="LexerSuite" name="combine 25" time="0.001">
                                                 
                                               </testcase><testcase classname="LexerSuite" name="combine 26" time="0.004">
                                                 
                                               </testcase><testcase classname="LexerSuite" name="combine 27" time="0.004">
                                                 
                                               </testcase><testcase classname="LexerSuite" name="combine 28" time="0.002">
                                                 
                                               </testcase><testcase classname="LexerSuite" name="combine 29" time="0.004">
                                                 
                                               </testcase><testcase classname="LexerSuite" name="combine 30" time="0.004">
                                                 
                                               </testcase><testcase classname="LexerSuite" name="combine 31" time="0.009">
                                                 
                                               </testcase><testcase classname="LexerSuite" name="Keywords 10" time="0.007">
                                                 
                                               </testcase><testcase classname="LexerSuite" name="Keywords 11" time="0.005">
                                                 
                                               </testcase><testcase classname="LexerSuite" name="Keywords 12" time="0.005">
                                                 
                                               </testcase><testcase classname="LexerSuite" name="Keywords 13" time="0.01">
                                                 
                                               </testcase><testcase classname="LexerSuite" name="Keywords 14" time="0.002">
                                                 
                                               </testcase><testcase classname="LexerSuite" name="Keywords 15" time="0.008">
                                                 
                                               </testcase><testcase classname="LexerSuite" name="Keywords 16" time="0.003">
                                                 
                                               </testcase><testcase classname="LexerSuite" name="Keywords 17" time="0.01">
                                                 
                                               </testcase><testcase classname="LexerSuite" name="Keywords 18" time="0.004">
                                                 
                                               </testcase><testcase classname="LexerSuite" name="Keywords 19" time="0.002">
                                                 
                                               </testcase><testcase classname="LexerSuite" name="Keywords 20" time="0.008">
                                                 
                                               </testcase><testcase classname="LexerSuite" name="Keywords 21" time="0.002">
                                                 
                                               </testcase>
                     <system-out><![CDATA[]]></system-out>
                     <system-err><![CDATA[]]></system-err>
                   </testsuite>