<?xml version='1.0' encoding='UTF-8'?>
<testsuite hostname="Tris-Air" name="LexerSuite" tests="100" errors="0" failures="0" skipped="0" time="0.877">
                     <properties>
[...]
</properties>
                     <testcase classname="LexerSuite" name="Blank characters1" time="0.113">
                                                 
                                               </testcase><testcase classname="LexerSuite" name="Block comment" time="0.007">
                                                 
                                               </testcase><testcase classname="LexerSuite" name="Block comment 2" time="0.007">
                                                 
                                               </testcase><testcase classname="LexerSuite" name="Block comment 3" time="0.007">
                                                 
                                               </testcase><testcase classname="LexerSuite" name="Line comment" time="0.008">
                                                 
                                               </testcase><testcase classname="LexerSuite" name="Line comment 2" time="0.007">
                                                 
                                               </testcase><testcase classname="LexerSuite" name="Block comment4" time="0.008">
                                                 
                                               </testcase><testcase classname="LexerSuite" name="Block comment5" time="0.007">
                                                 
                                               </testcase><testcase classname="LexerSuite" name="Identifiers1" time="0.007">
                                                 
                                               </testcase><testcase classname="LexerSuite" name="Identifiers2" time="0.008">
                                                 
                                               </testcase><testcase classname="LexerSuite" name="Identifiers3" time="0.008">
                                                 
                                               </testcase><testcase classname="LexerSuite" name="Identifiers4" time="0.008">
                                                 
                                               </testcase><testcase classname="LexerSuite" name="Identifiers5" time="0.002">
                                                 
                                               </testcase><testcase classname="LexerSuite" name="Keywords1" time="0.013">
                                                 
                                               </testcase><testcase classname="LexerSuite" name="Keywords2" time="0.006">
                                                 
                                               </testcase><testcase classname="LexerSuite" name="Keywords3" time="0.008">
                                                 
                                               </testcase><testcase classname="LexerSuite" name="Keywords4" time="0.007">
                                                 
                                               </testcase><testcase classname="LexerSuite" name="Keywords5" time="0.007">
                                                 
                                               </testcase><testcase classname="LexerSuite" name="Keywords6" time="0.009">
                                                 
                                               </testcase><testcase classname="LexerSuite" name="Operators1" time="0.006">
                                                 
                                               </testcase><testcase classname="LexerSuite" name="Separators1" time="0.007">
                                                 
                                               </testcase><testcase classname="LexerSuite" name="Int literals1" time="0.007">
                                                 
                                               </testcase><testcase classname="LexerSuite" name="Int literals2" time="0.007">
                                                 
                                               </testcase><testcase classname="LexerSuite" name="Float literals1" time="0.011">
                                                 
                                               </testcase><testcase classname="LexerSuite" name="Float literals2" time="0.007">
                                                 
                                               </testcase><testcase classname="LexerSuite" name="Float literals3" time="0.006">
                                                 
                                               </testcase><testcase classname="LexerSuite" name="Float literals4" time="0.006">
                                                 
                                               </testcase><testcase classname="LexerSuite" name="Float literals5" time="0.006">
                                                 
                                               </testcase><testcase classname="LexerSuite" name="Float literals6" time="0.007">
                                                 
                                               </testcase><testcase classname="LexerSuite" name="Float literals7" time="0.007">
                                                 
                                               </testcase><testcase classname="LexerSuite" name="Float literals8" time="0.007">
                                                 
                                               </testcase><testcase classname="LexerSuite" name="Float literals9" time="0.006">
                                                 
                                               </testcase><testcase classname="LexerSuite" name="Float literals10" time="0.008">
                                                 
                                               </testcase><testcase classname="LexerSuite" name="Float literals11" time="0.007">
                                                 
                                               </testcase><testcase classname="LexerSuite" name="Float literals12" time="0.012">
                                                 
                                               </testcase><testcase classname="LexerSuite" name="String literals1" time="0.007">
                                                 
                                               </testcase><testcase classname="LexerSuite" name="String literals2" time="0.008">
                                                 
                                               </testcase><testcase classname="LexerSuite" name="String literals3" time="0.007">
                                                 
                                               </testcase><testcase classname="LexerSuite" name="String literals4" time="0.009">
                                                 
                                               </testcase><testcase classname="LexerSuite" name="Error tokens1" time="0.006">
                                                 
                                               </testcase><testcase classname="LexerSuite" name="Error tokens2" time="0.007">
                                                 
                                               </testcase><testcase classname="LexerSuite" name="Error tokens3" time="0.006">
                                                 
                                               </testcase><testcase classname="LexerSuite" name="Error tokens4" time="0.015">
                                                 
                                               </testcase><testcase classname="LexerSuite" name="Error tokens5" time="0.011">
                                                 
                                               </testcase><testcase classname="LexerSuite" name="Error tokens6" time="0.007">
                                                 
                                               </testcase><testcase classname="LexerSuite" name="Error tokens7" time="0.023">
                                                 
                                               </testcase><testcase classname="LexerSuite" name="Error tokens8" time="0.01">
                                                 
                                               </testcase><testcase classname="LexerSuite" name="Unclosed String1" time="0.01">
                                                 
                                               </testcase><testcase classname="LexerSuite" name="Unclosed String2" time="0.007">
                                                 
                                               </testcase><testcase classname="LexerSuite" name="Unclosed String3" time="0.008">
                                                 
                                               </testcase><testcase classname="LexerSuite" name="Unclosed String4" time="0.006">
                                                 
                                               </testcase><testcase classname="LexerSuite" name="Unclosed String5" time="0.009">
                                                 
                                               </testcase><testcase classname="LexerSuite" name="Unclosed String6" time="0.007">
                                                 
                                               </testcase><testcase classname="LexerSuite" name="Illegal escape in string1" time="0.008">
                                                 
                                               </testcase><testcase classname="LexerSuite" name="Illegal escape in string2" time="0.004">
                                                 
                                               </testcase><testcase classname="LexerSuite" name="Illegal escape in string3" time="0.005">
                                                 
                                               </testcase><testcase classname="LexerSuite" name="Illegal escape in string4" time="0.007">
                                                 
                                               </testcase><testcase classname="LexerSuite" name="Other1" time="0.008">
                                                 
                                               </testcase><testcase classname="LexerSuite" name="Other2" time="0.008">
                                                 
                                               </testcase><testcase classname="LexerSuite" name="Other3" time="0.008">
                                                 
                                               </testcase><testcase classname="LexerSuite" name="Other4" time="0.008">
                                                 
                                               </testcase><testcase classname="LexerSuite" name="Other5" time="0.005">
                                                 
                                               </testcase><testcase classname="LexerSuite" name="Other6" time="0.007">
                                                 
                                               </testcase><testcase classname="LexerSuite" name="Other7" time="0.006">
                                                 
                                               </testcase><testcase classname="LexerSuite" name="Other8" time="0.007">
                                                 
                                               </testcase><testcase classname="LexerSuite" name="Other9" time="0.009">
                                                 
                                               </testcase><testcase classname="LexerSuite" name="Other10" time="0.017">
                                                 
                                               </testcase><testcase classname="LexerSuite" name="Other11" time="0.01">
                                                 
                                               </testcase><testcase classname="LexerSuite" name="Other12" time="0.007">
                                                 
                                               </testcase><testcase classname="LexerSuite" name="Other13" time="0.007">
                                                 
                                               </testcase><testcase classname="LexerSuite" name="Other14" time="0.007">
                                                 
                                               </testcase><testcase classname="LexerSuite" name="Other15" time="0.007">
                                                 
                                               </testcase><testcase classname="LexerSuite" name="Other16" time="0.018">
                                                 
                                               </testcase><testcase classname="LexerSuite" name="Other17" time="0.007">
                                                 
                                               </testcase><testcase classname="LexerSuite" name="Other18" time="0.005">
                                                 
                                               </testcase><testcase classname="LexerSuite" name="Other19" time="0.006">
                                                 
                                               </testcase><testcase classname="LexerSuite" name="Other20" time="0.007">
                                                 
                                               </testcase><testcase classname="LexerSuite" name="Other21" time="0.008">
                                                 
                                               </testcase><testcase classname="LexerSuite" name="Other22" time="0.006">
                                                 
                                               </testcase><testcase classname="LexerSuite" name="Other23" time="0.007">
                                                 
                                               </testcase><testcase classname="LexerSuite" name="Other24" time="0.006">
                                                 
                                               </testcase><testcase classname="LexerSuite" name="Other25" time="0.006">
                                                 
                                               </testcase><testcase classname="LexerSuite" name="Other26" time="0.007">
                                                 
                                               </testcase><testcase classname="LexerSuite" name="Other27" time="0.007">
                                                 
                                               </testcase><testcase classname="LexerSuite" name="Other28" time="0.008">
                                                 
                                               </testcase><testcase classname="LexerSuite" name="Other29" time="0.007">
                                                 
                                               </testcase><testcase classname="LexerSuite" name="Other30" time="0.007">
                                                 
                                               </testcase><testcase classname="LexerSuite" name="Other31" time="0.007">
                                                 
                                               </testcase><testcase classname="LexerSuite" name="Keywords10" time="0.007">
                                                 
                                               </testcase><testcase classname="LexerSuite" name="Keywords11" time="0.007">
                                                 
                                               </testcase><testcase classname="LexerSuite" name="Keywords12" time="0.007">
                                                 
                                               </testcase><testcase classname="LexerSuite" name="Keywords13" time="0.007">
                                                 
                                               </testcase><testcase classname="LexerSuite" name="Keywords14" time="0.007">
                                                 
                                               </testcase><testcase classname="LexerSuite" name="Keywords15" time="0.006">
                                                 
                                               </testcase><testcase classname="LexerSuite" name="Keywords16" time="0.011">
                                                 
                                               </testcase><testcase classname="LexerSuite" name="Keywords17" time="0.006">
                                                 
                                               </testcase><testcase classname="LexerSuite" name="Keywords18" time="0.008">
                                                 
                                               </testcase><testcase classname="LexerSuite" name="Keywords19" time="0.007">
                                                 
                                               </testcase><testcase classname="LexerSuite" name="Keywords20" time="0.006">
                                                 
                                               </testcase><testcase classname="LexerSuite" name="Keywords21" time="0.007">
                                                 
                                               </testcase>
                     <system-out><![CDATA[]]></system-out>
                     <system-err><![CDATA[]]></system-err>
                   </testsuite>