<?xml version='1.0' encoding='UTF-8'?>
<testsuite hostname="Tris-MacBook-Air.local" name="ParserSuite" tests="100" errors="0" failures="0" skipped="0" time="1.607">
                     <properties>
[...]
</properties>
                     <testcase classname="ParserSuite" name="Program contains declarations" time="0.231">
                                                 
                                               </testcase><testcase classname="ParserSuite" name="Program contains declarations 2" time="0.008">
                                                 
                                               </testcase><testcase classname="ParserSuite" name="Program contains declarations 3" time="0.007">
                                                 
                                               </testcase><testcase classname="ParserSuite" name="Program contains declarations 4" time="0.005">
                                                 
                                               </testcase><testcase classname="ParserSuite" name="Variable declarations" time="0.005">
                                                 
                                               </testcase><testcase classname="ParserSuite" name="Variable declarations 2" time="0.008">
                                                 
                                               </testcase><testcase classname="ParserSuite" name="Variable declarations 3" time="0.007">
                                                 
                                               </testcase><testcase classname="ParserSuite" name="Variable declarations 4" time="0.007">
                                                 
                                               </testcase><testcase classname="ParserSuite" name="Function declarations" time="0.007">
                                                 
                                               </testcase><testcase classname="ParserSuite" name="Function declarations 2" time="0.02">
                                                 
                                               </testcase><testcase classname="ParserSuite" name="Function declarations 3" time="0.012">
                                                 
                                               </testcase><testcase classname="ParserSuite" name="Function declarations 4" time="0.035">
                                                 
                                               </testcase><testcase classname="ParserSuite" name="Nested function" time="0.021">
                                                 
                                               </testcase><testcase classname="ParserSuite" name="Primitive type" time="0.017">
                                                 
                                               </testcase><testcase classname="ParserSuite" name="Void type" time="0.006">
                                                 
                                               </testcase><testcase classname="ParserSuite" name="PARAMETER error" time="0.012">
                                                 
                                               </testcase><testcase classname="ParserSuite" name="Void type error" time="0.009">
                                                 
                                               </testcase><testcase classname="ParserSuite" name="Array type" time="0.005">
                                                 
                                               </testcase><testcase classname="ParserSuite" name="Array type int error" time="0.007">
                                                 
                                               </testcase><testcase classname="ParserSuite" name="Array pointer type" time="0.007">
                                                 
                                               </testcase><testcase classname="ParserSuite" name="Array pointer type error" time="0.006">
                                                 
                                               </testcase><testcase classname="ParserSuite" name="Array pointer type error 2" time="0.002">
                                                 
                                               </testcase><testcase classname="ParserSuite" name="Variable initialization" time="0.002">
                                                 
                                               </testcase><testcase classname="ParserSuite" name="Variable initialization 2" time="0.007">
                                                 
                                               </testcase><testcase classname="ParserSuite" name="Expression: OR" time="0.014">
                                                 
                                               </testcase><testcase classname="ParserSuite" name="Expression: AND" time="0.008">
                                                 
                                               </testcase><testcase classname="ParserSuite" name="Expression: GREATER" time="0.015">
                                                 
                                               </testcase><testcase classname="ParserSuite" name="Expression: GREATER 2" time="0.019">
                                                 
                                               </testcase><testcase classname="ParserSuite" name="Expression: LESS" time="0.013">
                                                 
                                               </testcase><testcase classname="ParserSuite" name="Expression: LESS 2" time="0.013">
                                                 
                                               </testcase><testcase classname="ParserSuite" name="Expression: GREATER ERROR" time="0.017">
                                                 
                                               </testcase><testcase classname="ParserSuite" name="Expression: ADD SUBTRACT" time="0.006">
                                                 
                                               </testcase><testcase classname="ParserSuite" name="Expression: MUL DIVIDE" time="0.029">
                                                 
                                               </testcase><testcase classname="ParserSuite" name="Expression: MIXED" time="0.058">
                                                 
                                               </testcase><testcase classname="ParserSuite" name="Expression: UNARY" time="0.03">
                                                 
                                               </testcase><testcase classname="ParserSuite" name="Expression: EQUAL" time="0.033">
                                                 
                                               </testcase><testcase classname="ParserSuite" name="Expression: EQUAL ERROR" time="0.008">
                                                 
                                               </testcase><testcase classname="ParserSuite" name="Expression: EQUAL 2" time="0.014">
                                                 
                                               </testcase><testcase classname="ParserSuite" name="Expression: INDEX" time="0.017">
                                                 
                                               </testcase><testcase classname="ParserSuite" name="Expression: INDEX 2" time="0.013">
                                                 
                                               </testcase><testcase classname="ParserSuite" name="Expression: INDEX 3" time="0.015">
                                                 
                                               </testcase><testcase classname="ParserSuite" name="Expression: INDEX 4" time="0.043">
                                                 
                                               </testcase><testcase classname="ParserSuite" name="Expression: INVOCATION" time="0.009">
                                                 
                                               </testcase><testcase classname="ParserSuite" name="Expression: INVOCATION 2" time="0.008">
                                                 
                                               </testcase><testcase classname="ParserSuite" name="Expression: INVOCATION 4" time="0.217">
                                                 
                                               </testcase><testcase classname="ParserSuite" name="Expression: INVOCATION 5" time="0.007">
                                                 
                                               </testcase><testcase classname="ParserSuite" name="Expression: INVOCATION 6" time="0.007">
                                                 
                                               </testcase><testcase classname="ParserSuite" name="Expression: INVOCATION 7" time="0.014">
                                                 
                                               </testcase><testcase classname="ParserSuite" name="Expression: INVOCATION 8" time="0.01">
                                                 
                                               </testcase><testcase classname="ParserSuite" name="a simple program" time="0.007">
                                                 
                                               </testcase><testcase classname="ParserSuite" name="Statement: If-noelse" time="0.008">
                                                 
                                               </testcase><testcase classname="ParserSuite" name="Statement: If-else" time="0.022">
                                                 
                                               </testcase><testcase classname="ParserSuite" name="Statement: If-else 2" time="0.011">
                                                 
                                               </testcase><testcase classname="ParserSuite" name="Statement: do while" time="0.006">
                                                 
                                               </testcase><testcase classname="ParserSuite" name="Statement: do while 2" time="0.008">
                                                 
                                               </testcase><testcase classname="ParserSuite" name="Statement: for" time="0.004">
                                                 
                                               </testcase><testcase classname="ParserSuite" name="Statement: for 2" time="0.005">
                                                 
                                               </testcase><testcase classname="ParserSuite" name="Statement: break" time="0.006">
                                                 
                                               </testcase><testcase classname="ParserSuite" name="Statement: break 2" time="0.005">
                                                 
                                               </testcase><testcase classname="ParserSuite" name="Statement: continue" time="0.006">
                                                 
                                               </testcase><testcase classname="ParserSuite" name="Statement: continue 2" time="0.012">
                                                 
                                               </testcase><testcase classname="ParserSuite" name="Statement: return" time="0.006">
                                                 
                                               </testcase><testcase classname="ParserSuite" name="Statement: return 2" time="0.007">
                                                 
                                               </testcase><testcase classname="ParserSuite" name="Statement: return 3" time="0.008">
                                                 
                                               </testcase><testcase classname="ParserSuite" name="Statement: expression" time="0.007">
                                                 
                                               </testcase><testcase classname="ParserSuite" name="Statement: expression 1" time="0.007">
                                                 
                                               </testcase><testcase classname="ParserSuite" name="Statement: expression 2" time="0.006">
                                                 
                                               </testcase><testcase classname="ParserSuite" name="Statement: expression 3" time="0.007">
                                                 
                                               </testcase><testcase classname="ParserSuite" name="Statement: block" time="0.008">
                                                 
                                               </testcase><testcase classname="ParserSuite" name="Statement: block 2" time="0.132">
                                                 
                                               </testcase><testcase classname="ParserSuite" name="Statement: block 3" time="0.004">
                                                 
                                               </testcase><testcase classname="ParserSuite" name="Statement: block 4" time="0.006">
                                                 
                                               </testcase><testcase classname="ParserSuite" name="Stament: mixed" time="0.005">
                                                 
                                               </testcase><testcase classname="ParserSuite" name="mixed" time="0.007">
                                                 
                                               </testcase><testcase classname="ParserSuite" name="mixed 2" time="0.008">
                                                 
                                               </testcase><testcase classname="ParserSuite" name="mixed 3" time="0.015">
                                                 
                                               </testcase><testcase classname="ParserSuite" name="mixed 4" time="0.005">
                                                 
                                               </testcase><testcase classname="ParserSuite" name="mixed 5" time="0.008">
                                                 
                                               </testcase><testcase classname="ParserSuite" name="mixed 6" time="0.007">
                                                 
                                               </testcase><testcase classname="ParserSuite" name="mixed 7" time="0.007">
                                                 
                                               </testcase><testcase classname="ParserSuite" name="mixed 8" time="0.008">
                                                 
                                               </testcase><testcase classname="ParserSuite" name="mixed 9" time="0.006">
                                                 
                                               </testcase><testcase classname="ParserSuite" name="mixed 10" time="0.005">
                                                 
                                               </testcase><testcase classname="ParserSuite" name="mixed 11" time="0.005">
                                                 
                                               </testcase><testcase classname="ParserSuite" name="mixed 12" time="0.003">
                                                 
                                               </testcase><testcase classname="ParserSuite" name="mixed 13" time="0.003">
                                                 
                                               </testcase><testcase classname="ParserSuite" name="mixed 14" time="0.008">
                                                 
                                               </testcase><testcase classname="ParserSuite" name="mixed 15" time="0.005">
                                                 
                                               </testcase><testcase classname="ParserSuite" name="mixed 16" time="0.016">
                                                 
                                               </testcase><testcase classname="ParserSuite" name="mixed 17" time="0.008">
                                                 
                                               </testcase><testcase classname="ParserSuite" name="Statement: do while error" time="0.005">
                                                 
                                               </testcase><testcase classname="ParserSuite" name="Statement before declare" time="0.009">
                                                 
                                               </testcase><testcase classname="ParserSuite" name="more complex program" time="0.015">
                                                 
                                               </testcase><testcase classname="ParserSuite" name="wrong program" time="0.008">
                                                 
                                               </testcase><testcase classname="ParserSuite" name="Function and variable declarations 1" time="0.012">
                                                 
                                               </testcase><testcase classname="ParserSuite" name="Function and variable declarations 2" time="0.006">
                                                 
                                               </testcase><testcase classname="ParserSuite" name="Function and variable declarations 3" time="0.007">
                                                 
                                               </testcase><testcase classname="ParserSuite" name="Function and variable declarations error 1" time="0.011">
                                                 
                                               </testcase><testcase classname="ParserSuite" name="Function and variable declarations error 2" time="0.011">
                                                 
                                               </testcase><testcase classname="ParserSuite" name="Function and variable declarations error 3" time="0.006">
                                                 
                                               </testcase>
                     <system-out><![CDATA[]]></system-out>
                     <system-err><![CDATA[]]></system-err>
                   </testsuite>