Run starting. Expected test count is: 0
LexerSuite:
- Blank characters 1
- Block comment
- Block comment 2
- Block comment 3
- Line comment
- Line comment 2
- Block comment4
- Block comment5
- Identifiers 1
- Identifiers 2
- Identifiers 3
- Identifiers 4
- Identifiers 5
- Keywords 1
- Keywords 2
- Keywords 3
- Keywords 4
- Keywords 5
- Keywords 6
- Operators 1
- Separators 1
- Int literals 1
- Int literals 2
- Float literals 1
- Float literals 2
- Float literals 3
- Float literals 4
- Float literals 5
- Float literals 6
- Float literals 7
- Float literals 8
- Float literals 9
- Float literals 10
- Float literals 11
- Float literals 12
- String literals 1
- String literals 2
- String literals 3
- String literals 4
- Error tokens 1
- Error tokens 2
- Error tokens 3
- Error tokens 4
- Error tokens 5
- Error tokens 6
- Error tokens 7
- Error tokens 8
- Unclosed String 1
- Unclosed String 2
- Unclosed String 3
- Unclosed String 4
- Unclosed String 5
- Unclosed String 6
- Illegal escape in string1
- Illegal escape in string 2
- Illegal escape in string 3
- Illegal escape in string 4
- combine 1
- combine 2
- combine 3
- combine 4
- combine 5
- combine 6
- combine 7
- combine 8
- combine 9
- combine 10
- combine 11
- combine 12
- combine 13
- combine 14
- combine 15
- combine 16
- combine 17
- combine 18
- combine 19
- combine 20
- combine 21
- combine 22
- combine 23
- combine 24
- combine 25
- combine 26
- combine 27
- combine 28
- combine 29
- combine 30
- combine 31
- Keywords 10
- Keywords 11
- Keywords 12
- Keywords 13
- Keywords 14
- Keywords 15
- Keywords 16
- Keywords 17
- Keywords 18
- Keywords 19
- Keywords 20
- Keywords 21
CheckerSuite:
- Redeclared Variable: a
- Redeclared Parameter: a
- Redeclared function: test
- Redeclared variable inside a function
- Redeclared variable inside a function 2
- Type mismatch string to int
- Type mismatch float to int
- Type Mismatch In Expression: getInt
- Type Mismatch In Expression: putIntLn
- Check with AST
- Check with AST putIntLn with float
- Type mismatch float to string
- Type mismatch not int
- Type mismatch not boolean
- Type mismatch not boolean 2
- if statement wrong expression
- Unreachable function
- break statement outside for loop
- continue statement outside for loop
- break statement inside for loop
- break statement outside while loop
- continue statement outside while loop
- break statement inside while loop
- continue statement inside while loop
- call function with wrong parameter
- Mismatch return statement
- Mismatch return statement 2
- Mismatch return statement 3
- Unreachable statement return
- Unreachable statement return 2
- Unreachable statement return 3
- Unreachable statement return 4
- Unreachable statement return 5
- Unreachable statement return 6
- Function not return
- Function has return
- Function has return in body
- Function has return in if
- Call function
- Redeclare a global variable
- Unreachable statement child function
- return in if/else
- return in if without else
- Unreachable many Functions *** FAILED ***
  CheckerSuite.this.checkCkr(input, expected, 446) was false (CheckerSuite.scala:2971)
- Return array pointer 2
- Redeclare function name as var name
- Test array type
- Invalid type in array pointer (function call)
- Function call return array pointer type
- Type mismatch in function call (return array pointer type)
- Binary operator ! and ||
- Complex assignment expression
- Complex assignment expression 2
- Complex assignment expression float type
- Complex program
- Complex program 2
- Complex program 3
- Complex program 4
- Complex program 5
- Complex program 6
- Complex program 7
- Complex program 8
AstSuite:
- a simple program 1
- another simple program 2
- a simple program 3
- test dangling if 4
- test funcdecl 5
- test funcdecl 6
- test funcdecl 7
- test funcdecl 8
- test funcdecl 9
- test funcdecl 10
- test funcdecl 11
- test funcdecl 12
- test funcdecl 13
- test funcdecl 14
- test Array element 15
- test Array element 16
- test if statement 17
- test priority 18
- test funcall 19
- test complex program 20
- test funcdeclare 21
- test var declare 22
- test funcdeclare 23
- test for statement 24
- test for statement 25
- test for statement 26
- test for statement 27
- test func + var declare 28
- test func + var decalare 29
- test for 30
- test boolean function 31
- test void function 32
- test void function 33
- test void function 34
- test do while 35
- test boolean function 36
- test literal 37
- test do while 38
- test multi decalare 39
- test multi decalre 40
- test multi decalare 41
- test var decalre 42
- test var declare 43
- test var declare 44
- test var decalare 45
- test if statement 46
- test do while 47
- test for statement 48
- test break statemnet 49
- test continue statement 50
- test return 51
- test return statement 52
- test return statement 53
- test funcall 54
- test funcall 55
- test block statement 56
- test block statement 57
- test block statement 58
- test block statement 59
- test block statement 60
- test complex program 61
- test complex program 62
- test Stringlit 63
- test Stringlit 64
- test Stringlit 65
- test Stringlit 66
- test complex program 67
- test priority 68
- test associate 69
- test complex statement 70
- test complex statement 71
- test complex program 72
- test complex program 73
- test complex program 74
- test complex program 75
- test complex program 76
- test complex program 77
- test complex program 78
- test complex program 79
- test complex program 80
- test for statement 81
- test for statement 82
- test for statement 83
- test for statement 84
- test for statement 85
- test complex program 86
- test complex program 87
- test complex program 88
- test if statement 89
- test complex program 90
- test Stringlit 91
- test complex program 92
- test for statement 93
- test Stringlit 94
- test complex program 95
- test complex program 96
- test complex program 97
- test complex program 98
- test complex program 99
- test complex program 100
ParserSuite:
- Program contains declarations
- Program contains declarations 2
- Program contains declarations 3
- Program contains declarations 4
- Variable declarations
- Variable declarations 2
- Variable declarations 3
- Variable declarations 4
- Function declarations
- Function declarations 2
- Function declarations 3
- Function declarations 4
- Nested function
- Primitive type
- Void type
- PARAMETER error
- Void type error
- Array type
- Array type int error
- Array pointer type
- Array pointer type error
- Array pointer type error 2
- Variable initialization
- Variable initialization 2
- Expression: OR
- Expression: AND
- Expression: GREATER
- Expression: GREATER 2
- Expression: LESS
- Expression: LESS 2
- Expression: GREATER ERROR
- Expression: ADD SUBTRACT
- Expression: MUL DIVIDE
- Expression: MIXED
- Expression: UNARY
- Expression: EQUAL
- Expression: EQUAL ERROR
- Expression: EQUAL 2
- Expression: INDEX
- Expression: INDEX 2
- Expression: INDEX 3
- Expression: INDEX 4
- Expression: INVOCATION
- Expression: INVOCATION 2
- Expression: INVOCATION 4
- Expression: INVOCATION 5
- Expression: INVOCATION 6
- Expression: INVOCATION 7
- Expression: INVOCATION 8
- a simple program
- Statement: If-noelse
- Statement: If-else
- Statement: If-else 2
- Statement: do while
- Statement: do while 2
- Statement: for
- Statement: for 2
- Statement: break
- Statement: break 2
- Statement: continue
- Statement: continue 2
- Statement: return
- Statement: return 2
- Statement: return 3
- Statement: expression
- Statement: expression 1
- Statement: expression 2
- Statement: expression 3
- Statement: block
- Statement: block 2
- Statement: block 3
- Statement: block 4
- Stament: mixed
- mixed
- mixed 2
- mixed 3
- mixed 4
- mixed 5
- mixed 6
- mixed 7
- mixed 8
- mixed 9
- mixed 10
- mixed 11
- mixed 12
- mixed 13
- mixed 14
- mixed 15
- mixed 16
- mixed 17
- Statement: do while error
- Statement before declare
- more complex program
- wrong program
- Function and variable declarations 1
- Function and variable declarations 2
- Function and variable declarations 3
- Function and variable declarations error 1
- Function and variable declarations error 2
- Function and variable declarations error 3
Run completed in 2 seconds, 642 milliseconds.
Total number of tests run: 362
Suites: completed 4, aborted 0
Tests: succeeded 361, failed 1, canceled 0, ignored 0, pending 0
*** 1 TEST FAILED ***
